<?xml version="1.0" encoding="UTF-8"?>
<testsuite xmlns:xsi="http://www.w3.org/2001/XMLSchema-instance" xsi:noNamespaceSchemaLocation="https://maven.apache.org/surefire/maven-surefire-plugin/xsd/surefire-test-report-3.0.xsd" version="3.0" name="com.mario.OperationsTest" time="0.138" tests="4" errors="0" skipped="0" failures="0">
  <properties>
    <property name="java.specification.version" value="17"/>
    <property name="sun.cpu.isalist" value="amd64"/>
    <property name="sun.jnu.encoding" value="Cp1252"/>
    <property name="java.class.path" value="C:\Users\marioibarra\eclipse-workspace\CalculatorMVC\target\test-classes;C:\Users\marioibarra\eclipse-workspace\CalculatorMVC\target\classes;C:\Users\marioibarra\.m2\repository\org\junit\jupiter\junit-jupiter-api\5.9.1\junit-jupiter-api-5.9.1.jar;C:\Users\marioibarra\.m2\repository\org\opentest4j\opentest4j\1.2.0\opentest4j-1.2.0.jar;C:\Users\marioibarra\.m2\repository\org\junit\platform\junit-platform-commons\1.9.1\junit-platform-commons-1.9.1.jar;C:\Users\marioibarra\.m2\repository\org\apiguardian\apiguardian-api\1.1.2\apiguardian-api-1.1.2.jar;C:\Users\marioibarra\.m2\repository\junit\junit\4.13.1\junit-4.13.1.jar;C:\Users\marioibarra\.m2\repository\org\hamcrest\hamcrest-core\1.3\hamcrest-core-1.3.jar;C:\Users\marioibarra\.m2\repository\org\springframework\spring-context\4.1.8.RELEASE\spring-context-4.1.8.RELEASE.jar;C:\Users\marioibarra\.m2\repository\org\springframework\spring-aop\4.1.8.RELEASE\spring-aop-4.1.8.RELEASE.jar;C:\Users\marioibarra\.m2\repository\aopalliance\aopalliance\1.0\aopalliance-1.0.jar;C:\Users\marioibarra\.m2\repository\org\springframework\spring-beans\4.1.8.RELEASE\spring-beans-4.1.8.RELEASE.jar;C:\Users\marioibarra\.m2\repository\org\springframework\spring-core\4.1.8.RELEASE\spring-core-4.1.8.RELEASE.jar;C:\Users\marioibarra\.m2\repository\commons-logging\commons-logging\1.2\commons-logging-1.2.jar;C:\Users\marioibarra\.m2\repository\org\springframework\spring-expression\4.1.8.RELEASE\spring-expression-4.1.8.RELEASE.jar;C:\Users\marioibarra\.m2\repository\org\springframework\spring-webmvc\4.1.8.RELEASE\spring-webmvc-4.1.8.RELEASE.jar;C:\Users\marioibarra\.m2\repository\org\springframework\spring-web\4.1.8.RELEASE\spring-web-4.1.8.RELEASE.jar;C:\Users\marioibarra\.m2\repository\mysql\mysql-connector-java\5.1.36\mysql-connector-java-5.1.36.jar;C:\Users\marioibarra\.m2\repository\javax\servlet\jstl\1.2\jstl-1.2.jar;C:\Users\marioibarra\.m2\repository\javax\servlet\javax.servlet-api\4.0.0\javax.servlet-api-4.0.0.jar;"/>
    <property name="java.vm.vendor" value="Oracle Corporation"/>
    <property name="sun.arch.data.model" value="64"/>
    <property name="user.variant" value=""/>
    <property name="java.vendor.url" value="https://java.oracle.com/"/>
    <property name="user.timezone" value="America/Mexico_City"/>
    <property name="os.name" value="Windows 10"/>
    <property name="java.vm.specification.version" value="17"/>
    <property name="sun.java.launcher" value="SUN_STANDARD"/>
    <property name="user.country" value="US"/>
    <property name="sun.boot.library.path" value="C:\Java\jdk-17\bin"/>
    <property name="sun.java.command" value="C:\Users\marioibarra\AppData\Local\Temp\surefire7731914633849817729\surefirebooter-20230329142723107_3.jar C:\Users\marioibarra\AppData\Local\Temp\surefire7731914633849817729 2023-03-29T14-27-21_912-jvmRun1 surefire-20230329142723107_1tmp surefire_0-20230329142723107_2tmp"/>
    <property name="jdk.debug" value="release"/>
    <property name="surefire.test.class.path" value="C:\Users\marioibarra\eclipse-workspace\CalculatorMVC\target\test-classes;C:\Users\marioibarra\eclipse-workspace\CalculatorMVC\target\classes;C:\Users\marioibarra\.m2\repository\org\junit\jupiter\junit-jupiter-api\5.9.1\junit-jupiter-api-5.9.1.jar;C:\Users\marioibarra\.m2\repository\org\opentest4j\opentest4j\1.2.0\opentest4j-1.2.0.jar;C:\Users\marioibarra\.m2\repository\org\junit\platform\junit-platform-commons\1.9.1\junit-platform-commons-1.9.1.jar;C:\Users\marioibarra\.m2\repository\org\apiguardian\apiguardian-api\1.1.2\apiguardian-api-1.1.2.jar;C:\Users\marioibarra\.m2\repository\junit\junit\4.13.1\junit-4.13.1.jar;C:\Users\marioibarra\.m2\repository\org\hamcrest\hamcrest-core\1.3\hamcrest-core-1.3.jar;C:\Users\marioibarra\.m2\repository\org\springframework\spring-context\4.1.8.RELEASE\spring-context-4.1.8.RELEASE.jar;C:\Users\marioibarra\.m2\repository\org\springframework\spring-aop\4.1.8.RELEASE\spring-aop-4.1.8.RELEASE.jar;C:\Users\marioibarra\.m2\repository\aopalliance\aopalliance\1.0\aopalliance-1.0.jar;C:\Users\marioibarra\.m2\repository\org\springframework\spring-beans\4.1.8.RELEASE\spring-beans-4.1.8.RELEASE.jar;C:\Users\marioibarra\.m2\repository\org\springframework\spring-core\4.1.8.RELEASE\spring-core-4.1.8.RELEASE.jar;C:\Users\marioibarra\.m2\repository\commons-logging\commons-logging\1.2\commons-logging-1.2.jar;C:\Users\marioibarra\.m2\repository\org\springframework\spring-expression\4.1.8.RELEASE\spring-expression-4.1.8.RELEASE.jar;C:\Users\marioibarra\.m2\repository\org\springframework\spring-webmvc\4.1.8.RELEASE\spring-webmvc-4.1.8.RELEASE.jar;C:\Users\marioibarra\.m2\repository\org\springframework\spring-web\4.1.8.RELEASE\spring-web-4.1.8.RELEASE.jar;C:\Users\marioibarra\.m2\repository\mysql\mysql-connector-java\5.1.36\mysql-connector-java-5.1.36.jar;C:\Users\marioibarra\.m2\repository\javax\servlet\jstl\1.2\jstl-1.2.jar;C:\Users\marioibarra\.m2\repository\javax\servlet\javax.servlet-api\4.0.0\javax.servlet-api-4.0.0.jar;"/>
    <property name="sun.cpu.endian" value="little"/>
    <property name="user.home" value="C:\Users\marioibarra"/>
    <property name="user.language" value="en"/>
    <property name="java.specification.vendor" value="Oracle Corporation"/>
    <property name="java.version.date" value="2021-09-14"/>
    <property name="java.home" value="C:\Java\jdk-17"/>
    <property name="file.separator" value="\"/>
    <property name="basedir" value="C:\Users\marioibarra\eclipse-workspace\CalculatorMVC"/>
    <property name="java.vm.compressedOopsMode" value="Zero based"/>
    <property name="line.separator" value="&#10;"/>
    <property name="java.vm.specification.vendor" value="Oracle Corporation"/>
    <property name="java.specification.name" value="Java Platform API Specification"/>
    <property name="surefire.real.class.path" value="C:\Users\marioibarra\AppData\Local\Temp\surefire7731914633849817729\surefirebooter-20230329142723107_3.jar"/>
    <property name="user.script" value=""/>
    <property name="sun.management.compiler" value="HotSpot 64-Bit Tiered Compilers"/>
    <property name="java.runtime.version" value="17+35-2724"/>
    <property name="user.name" value="marioibarra"/>
    <property name="path.separator" value=";"/>
    <property name="os.version" value="10.0"/>
    <property name="java.runtime.name" value="OpenJDK Runtime Environment"/>
    <property name="file.encoding" value="Cp1252"/>
    <property name="java.vm.name" value="OpenJDK 64-Bit Server VM"/>
    <property name="localRepository" value="C:\Users\marioibarra\.m2\repository"/>
    <property name="java.vendor.url.bug" value="https://bugreport.java.com/bugreport/"/>
    <property name="java.io.tmpdir" value="C:\Users\MARIOI~1\AppData\Local\Temp\"/>
    <property name="java.version" value="17"/>
    <property name="user.dir" value="C:\Users\marioibarra\eclipse-workspace\CalculatorMVC"/>
    <property name="os.arch" value="amd64"/>
    <property name="java.vm.specification.name" value="Java Virtual Machine Specification"/>
    <property name="sun.os.patch.level" value=""/>
    <property name="native.encoding" value="Cp1252"/>
    <property name="java.library.path" value="C:\Java\jdk-17\bin;C:\Windows\Sun\Java\bin;C:\Windows\system32;C:\Windows;C:\Windows\system32;C:\Windows;C:\Windows\System32\Wbem;C:\Windows\System32\WindowsPowerShell\v1.0\;C:\Windows\System32\OpenSSH\;C:\Program Files\dotnet\;C:\Program Files\WindowsPowerShell\Scripts;C:\terraform;C:\Maven\apache-maven-3.9.0\bin;C:\sonarqube-9.9.0.65466\bin\windows-x86-64;C:\artifactory-pro-7.55.6\app\bin;C:\Java\jdk-17\bin;C:\Program Files\Apache Software Foundation\Tomcat 9.0\bin;C:\Program Files\Microsoft SQL Server\150\Tools\Binn\;C:\Program Files\Microsoft SQL Server\Client SDK\ODBC\170\Tools\Binn\;C:\ProgramData\chocolatey\bin;C:\Program Files\Git\cmd;C:\Java\jdk-17\bin;C:\ProgramData\chocolatey\lib\maven\apache-maven-3.9.1\bin;C:\Users\marioibarra\AppData\Local\Microsoft\WindowsApps;C:\Users\marioibarra\.dotnet\tools;."/>
    <property name="java.vm.info" value="mixed mode, sharing"/>
    <property name="java.vendor" value="Oracle Corporation"/>
    <property name="java.vm.version" value="17+35-2724"/>
    <property name="sun.io.unicode.encoding" value="UnicodeLittle"/>
    <property name="java.class.version" value="61.0"/>
  </properties>
  <testcase name="testAddService" classname="com.mario.OperationsTest" time="0.053"/>
  <testcase name="testMultiplyService" classname="com.mario.OperationsTest" time="0.005"/>
  <testcase name="testDivideService" classname="com.mario.OperationsTest" time="0.001"/>
  <testcase name="testSubstractService" classname="com.mario.OperationsTest" time="0.001"/>
</testsuite>